<?xml version="1.0" encoding="UTF-8"?>
<testng-results skipped="0" failed="0" ignored="0" total="1" passed="1">
  <reporter-output>
  </reporter-output>
  <suite name="Tests.TestsCreateAccount" duration-ms="23347" started-at="2021-07-15T17:56:43 ART" finished-at="2021-07-15T17:57:06 ART">
    <groups>
    </groups>
    <test name="Command line test" duration-ms="23347" started-at="2021-07-15T17:56:43 ART" finished-at="2021-07-15T17:57:06 ART">
      <class name="Tests.TestsCreateAccount">
        <test-method status="PASS" signature="setUp()[pri:0, instance:Tests.TestsCreateAccount@754ba872]" name="setUp" is-config="true" duration-ms="14286" started-at="2021-07-15T17:56:43 ART" finished-at="2021-07-15T17:56:57 ART">
          <reporter-output>
          </reporter-output>
        </test-method> <!-- setUp -->
        <test-method status="PASS" signature="createAccount()[pri:0, instance:Tests.TestsCreateAccount@754ba872]" name="createAccount" duration-ms="8955" started-at="2021-07-15T17:56:57 ART" finished-at="2021-07-15T17:57:06 ART">
          <reporter-output>
          </reporter-output>
        </test-method> <!-- createAccount -->
        <test-method status="PASS" signature="tearDown()[pri:0, instance:Tests.TestsCreateAccount@754ba872]" name="tearDown" is-config="true" duration-ms="67" started-at="2021-07-15T17:57:06 ART" finished-at="2021-07-15T17:57:06 ART">
          <reporter-output>
          </reporter-output>
        </test-method> <!-- tearDown -->
      </class> <!-- Tests.TestsCreateAccount -->
    </test> <!-- Command line test -->
  </suite> <!-- Tests.TestsCreateAccount -->
</testng-results>
