<?xml version="1.0" encoding="UTF-8"?>
<!-- Generated by org.testng.reporters.JUnitXMLReporter -->
<testsuite hostname="DESKTOP-DC8J6R5" ignored="2" name="Command line test" tests="1" failures="0" timestamp="2021-07-15T17:55:58 ART" time="16.713" errors="0">
  <testcase name="searchSummerDresses" time="5.352" classname="Tests.Tests"/>
  <testcase name="clickOnCasualDresses" time="0.0" classname="Tests.Tests">
    <ignored/>
  </testcase> <!-- clickOnCasualDresses -->
  <testcase name="sortDressesBySize" time="0.0" classname="Tests.Tests">
    <ignored/>
  </testcase> <!-- sortDressesBySize -->
</testsuite> <!-- Command line test -->
